2022-11-05 15:36:37,326|ERROR|/Users/zhouquan/opt/anaconda3/envs/tensorflow2/lib/python3.9/site-packages/flask/app.py(1741)|log_exception|Exception on /admin/finance/updateAdminPassword [POST]
Traceback (most recent call last):
  File "/Users/zhouquan/opt/anaconda3/envs/tensorflow2/lib/python3.9/site-packages/flask/app.py", line 2525, in wsgi_app
    response = self.full_dispatch_request()
  File "/Users/zhouquan/opt/anaconda3/envs/tensorflow2/lib/python3.9/site-packages/flask/app.py", line 1822, in full_dispatch_request
    rv = self.handle_user_exception(e)
  File "/Users/zhouquan/opt/anaconda3/envs/tensorflow2/lib/python3.9/site-packages/flask_cors/extension.py", line 165, in wrapped_function
    return cors_after_request(app.make_response(f(*args, **kwargs)))
  File "/Users/zhouquan/opt/anaconda3/envs/tensorflow2/lib/python3.9/site-packages/flask/app.py", line 2162, in make_response
    raise TypeError(
  File "/Users/zhouquan/opt/anaconda3/envs/tensorflow2/lib/python3.9/site-packages/flask/app.py", line 2158, in make_response
    rv = self.response_class.force_type(
  File "/Users/zhouquan/opt/anaconda3/envs/tensorflow2/lib/python3.9/site-packages/werkzeug/wrappers/response.py", line 268, in force_type
    response = Response(*run_wsgi_app(response, environ))
  File "/Users/zhouquan/opt/anaconda3/envs/tensorflow2/lib/python3.9/site-packages/werkzeug/test.py", line 1242, in run_wsgi_app
    app_rv = app(environ, start_response)
  File "/Users/zhouquan/opt/anaconda3/envs/tensorflow2/lib/python3.9/site-packages/werkzeug/exceptions.py", line 162, in __call__
    response = t.cast("WSGIResponse", self.get_response(environ))
  File "/Users/zhouquan/opt/anaconda3/envs/tensorflow2/lib/python3.9/site-packages/werkzeug/exceptions.py", line 150, in get_response
    headers = self.get_headers(environ, scope)
TypeError: get_headers() takes from 1 to 2 positional arguments but 3 were given
The view function did not return a valid response. The return type must be a string, dict, list, tuple with headers or status, Response instance, or WSGI callable, but it was a UserNotFoundError.
